<testsuites name="jest tests" tests="14" failures="0" time="0.854">
  <testsuite name="&lt;ShowMore /&gt; with defaults" errors="0" failures="0" skipped="0" timestamp="2018-02-07T01:14:02" time="0.854" tests="14">
    <testcase classname="&lt;ShowMore /&gt; with defaults renders children" name="&lt;ShowMore /&gt; with defaults renders children" time="0.006">
    </testcase>
    <testcase classname="&lt;ShowMore /&gt; with defaults when `onMore` is clicked, it loads another option (2 options)" name="&lt;ShowMore /&gt; with defaults when `onMore` is clicked, it loads another option (2 options)" time="0.002">
    </testcase>
    <testcase classname="&lt;ShowMore /&gt; with defaults when `onMore` is clicked, it loads another option (3 options)" name="&lt;ShowMore /&gt; with defaults when `onMore` is clicked, it loads another option (3 options)" time="0.002">
    </testcase>
    <testcase classname="&lt;ShowMore /&gt; with defaults props:all provides elements" name="&lt;ShowMore /&gt; with defaults props:all provides elements" time="0">
    </testcase>
    <testcase classname="&lt;ShowMore /&gt; with defaults props:current provides current items" name="&lt;ShowMore /&gt; with defaults props:current provides current items" time="0.001">
    </testcase>
    <testcase classname="&lt;ShowMore /&gt; with defaults props:by provides current `by` value" name="&lt;ShowMore /&gt; with defaults props:by provides current `by` value" time="0">
    </testcase>
    <testcase classname="&lt;ShowMore /&gt; with defaults props:onEnd is null when not provided" name="&lt;ShowMore /&gt; with defaults props:onEnd is null when not provided" time="0">
    </testcase>
    <testcase classname="&lt;ShowMore /&gt; with advanced config renders children" name="&lt;ShowMore /&gt; with advanced config renders children" time="0">
    </testcase>
    <testcase classname="&lt;ShowMore /&gt; with advanced config when `onMore` is clicked, it loads another option (3 options, 1-3)" name="&lt;ShowMore /&gt; with advanced config when `onMore` is clicked, it loads another option (3 options, 1-3)" time="0.004">
    </testcase>
    <testcase classname="&lt;ShowMore /&gt; with advanced config when `onMore` is clicked, it loads another option (3 options, 4-6)" name="&lt;ShowMore /&gt; with advanced config when `onMore` is clicked, it loads another option (3 options, 4-6)" time="0.001">
    </testcase>
    <testcase classname="&lt;ShowMore /&gt; with advanced config props:all provides elements" name="&lt;ShowMore /&gt; with advanced config props:all provides elements" time="0">
    </testcase>
    <testcase classname="&lt;ShowMore /&gt; with advanced config props:current provides current items" name="&lt;ShowMore /&gt; with advanced config props:current provides current items" time="0.001">
    </testcase>
    <testcase classname="&lt;ShowMore /&gt; with advanced config props:by provides current `by` value" name="&lt;ShowMore /&gt; with advanced config props:by provides current `by` value" time="0">
    </testcase>
    <testcase classname="&lt;ShowMore /&gt; with advanced config props:onEnd is null when not provided" name="&lt;ShowMore /&gt; with advanced config props:onEnd is null when not provided" time="0.001">
    </testcase>
  </testsuite>
</testsuites>